2022-04-28 11:59:26,203 RANDOM WORD CHOSEN FOR THE GAME: mambo

2022-04-28 11:59:26,204 AUTO ENTERED: "SALES"
2022-04-28 11:59:26,205 AUTO ENTERED: "CARRY"
2022-04-28 11:59:26,206 AUTO ENTERED: "TALES"
2022-04-28 11:59:26,207 AUTO ENTERED: "BARRY"
2022-04-28 11:59:26,208 AUTO ENTERED: "BASES"
2022-04-28 11:59:26,209 AUTO ENTERED: "BADLY"
2022-04-28 11:59:26,209 USER RAN OUT OF CHOICES
2022-04-28 11:59:26,209 GAMES PLAYED : 1
2022-04-28 11:59:26,209 WIN PERCENTAGE : 0.0%
2022-04-28 11:59:26,209 0 GAMES WON AT GUESS NUMBER 1
2022-04-28 11:59:26,209 0 GAMES WON AT GUESS NUMBER 2
2022-04-28 11:59:26,209 0 GAMES WON AT GUESS NUMBER 3
2022-04-28 11:59:26,209 0 GAMES WON AT GUESS NUMBER 4
2022-04-28 11:59:26,209 0 GAMES WON AT GUESS NUMBER 5
2022-04-28 11:59:26,209 0 GAMES WON AT GUESS NUMBER 6
2022-04-28 11:59:26,211 RANDOM WORD CHOSEN FOR THE GAME: valid

2022-04-28 11:59:26,211 AUTO ENTERED: "SALES"
2022-04-28 11:59:26,212 AUTO ENTERED: "RALLY"
2022-04-28 11:59:26,213 AUTO ENTERED: "TALES"
2022-04-28 11:59:26,214 AUTO ENTERED: "VALID"
2022-04-28 11:59:26,214 USER ENTERED THE CORRECT WORD: VALID
2022-04-28 11:59:26,214 GAMES PLAYED : 2
2022-04-28 11:59:26,214 WIN PERCENTAGE : 50.0%
2022-04-28 11:59:26,214 0 GAMES WON AT GUESS NUMBER 1
2022-04-28 11:59:26,214 0 GAMES WON AT GUESS NUMBER 2
2022-04-28 11:59:26,214 0 GAMES WON AT GUESS NUMBER 3
2022-04-28 11:59:26,214 1 GAMES WON AT GUESS NUMBER 4
2022-04-28 11:59:26,214 0 GAMES WON AT GUESS NUMBER 5
2022-04-28 11:59:26,214 0 GAMES WON AT GUESS NUMBER 6
2022-04-28 11:59:26,216 RANDOM WORD CHOSEN FOR THE GAME: henry

2022-04-28 11:59:26,216 AUTO ENTERED: "SALES"
2022-04-28 11:59:26,217 AUTO ENTERED: "BORED"
2022-04-28 11:59:26,218 AUTO ENTERED: "FARES"
2022-04-28 11:59:26,219 AUTO ENTERED: "TONER"
2022-04-28 11:59:26,221 AUTO ENTERED: "GENRE"
2022-04-28 11:59:26,222 AUTO ENTERED: "HENRY"
2022-04-28 11:59:26,222 USER ENTERED THE CORRECT WORD: HENRY
2022-04-28 11:59:26,222 GAMES PLAYED : 3
2022-04-28 11:59:26,222 WIN PERCENTAGE : 66.66666666666667%
2022-04-28 11:59:26,222 0 GAMES WON AT GUESS NUMBER 1
2022-04-28 11:59:26,222 0 GAMES WON AT GUESS NUMBER 2
2022-04-28 11:59:26,222 0 GAMES WON AT GUESS NUMBER 3
2022-04-28 11:59:26,222 1 GAMES WON AT GUESS NUMBER 4
2022-04-28 11:59:26,222 0 GAMES WON AT GUESS NUMBER 5
2022-04-28 11:59:26,222 1 GAMES WON AT GUESS NUMBER 6
2022-04-28 11:59:26,224 RANDOM WORD CHOSEN FOR THE GAME: vinyl

2022-04-28 11:59:26,224 AUTO ENTERED: "SALES"
2022-04-28 11:59:26,225 AUTO ENTERED: "COLIN"
2022-04-28 11:59:26,226 AUTO ENTERED: "LINES"
2022-04-28 11:59:26,227 AUTO ENTERED: "FINAL"
2022-04-28 11:59:26,228 AUTO ENTERED: "VINYL"
2022-04-28 11:59:26,228 USER ENTERED THE CORRECT WORD: VINYL
2022-04-28 11:59:26,228 GAMES PLAYED : 4
2022-04-28 11:59:26,228 WIN PERCENTAGE : 75.0%
2022-04-28 11:59:26,228 0 GAMES WON AT GUESS NUMBER 1
2022-04-28 11:59:26,228 0 GAMES WON AT GUESS NUMBER 2
2022-04-28 11:59:26,228 0 GAMES WON AT GUESS NUMBER 3
2022-04-28 11:59:26,228 1 GAMES WON AT GUESS NUMBER 4
2022-04-28 11:59:26,228 1 GAMES WON AT GUESS NUMBER 5
2022-04-28 11:59:26,228 1 GAMES WON AT GUESS NUMBER 6
